{"level":"info","message":"✅ MongoDB Connected: ac-uagqk5i-shard-00-01.lgqm4tw.mongodb.net","service":"headly-backend","timestamp":"2026-02-01 17:49:22"}
{"level":"info","message":"🚀 Server running on port 4000 in production mode","service":"headly-backend","timestamp":"2026-02-01 17:49:22"}
{"level":"info","message":"📡 API URL: http://localhost:4000/api","service":"headly-backend","timestamp":"2026-02-01 17:49:22"}
{"level":"info","message":"Cron jobs scheduled","service":"headly-backend","timestamp":"2026-02-01 17:49:22"}
{"level":"info","message":"⏰ Background jobs started","service":"headly-backend","timestamp":"2026-02-01 17:49:22"}
{"level":"info","message":"Running scheduled content publisher...","service":"headly-backend","timestamp":"2026-02-01 17:50:00"}
{"level":"info","message":"Running webhook retry job...","service":"headly-backend","timestamp":"2026-02-01 17:50:00"}
{"level":"info","message":"Found 0 content(s) to publish","service":"headly-backend","timestamp":"2026-02-01 17:50:00"}
{"level":"info","message":"Found 0 webhook(s) to retry","service":"headly-backend","timestamp":"2026-02-01 17:50:00"}
{"level":"info","message":"Running scheduled content publisher...","service":"headly-backend","timestamp":"2026-02-01 17:55:00"}
{"level":"info","message":"Found 0 content(s) to publish","service":"headly-backend","timestamp":"2026-02-01 17:55:00"}
{"level":"info","message":"Running scheduled content publisher...","service":"headly-backend","timestamp":"2026-02-01 18:00:00"}
{"level":"info","message":"Found 0 content(s) to publish","service":"headly-backend","timestamp":"2026-02-01 18:00:00"}
{"level":"info","message":"Running webhook retry job...","service":"headly-backend","timestamp":"2026-02-01 18:00:00"}
{"level":"info","message":"Found 0 webhook(s) to retry","service":"headly-backend","timestamp":"2026-02-01 18:00:00"}
{"level":"info","message":"Running scheduled content publisher...","service":"headly-backend","timestamp":"2026-02-01 18:05:00"}
{"level":"info","message":"Found 0 content(s) to publish","service":"headly-backend","timestamp":"2026-02-01 18:05:00"}
{"level":"info","message":"Running scheduled content publisher...","service":"headly-backend","timestamp":"2026-02-01 18:10:00"}
{"level":"info","message":"Running webhook retry job...","service":"headly-backend","timestamp":"2026-02-01 18:10:00"}
{"level":"info","message":"Found 0 content(s) to publish","service":"headly-backend","timestamp":"2026-02-01 18:10:00"}
{"level":"info","message":"Found 0 webhook(s) to retry","service":"headly-backend","timestamp":"2026-02-01 18:10:00"}
{"level":"info","message":"Running scheduled content publisher...","service":"headly-backend","timestamp":"2026-02-01 18:15:00"}
{"level":"info","message":"Found 0 content(s) to publish","service":"headly-backend","timestamp":"2026-02-01 18:15:00"}
{"level":"info","message":"Running scheduled content publisher...","service":"headly-backend","timestamp":"2026-02-01 18:20:00"}
{"level":"info","message":"Running webhook retry job...","service":"headly-backend","timestamp":"2026-02-01 18:20:00"}
{"level":"info","message":"Found 0 content(s) to publish","service":"headly-backend","timestamp":"2026-02-01 18:20:00"}
{"level":"info","message":"Found 0 webhook(s) to retry","service":"headly-backend","timestamp":"2026-02-01 18:20:00"}
{"level":"info","message":"Running scheduled content publisher...","service":"headly-backend","timestamp":"2026-02-01 18:25:00"}
{"level":"info","message":"Found 0 content(s) to publish","service":"headly-backend","timestamp":"2026-02-01 18:25:00"}
{"level":"info","message":"Running scheduled content publisher...","service":"headly-backend","timestamp":"2026-02-01 18:30:00"}
{"level":"info","message":"Running webhook retry job...","service":"headly-backend","timestamp":"2026-02-01 18:30:00"}
{"level":"info","message":"Found 0 content(s) to publish","service":"headly-backend","timestamp":"2026-02-01 18:30:00"}
{"level":"info","message":"Found 0 webhook(s) to retry","service":"headly-backend","timestamp":"2026-02-01 18:30:00"}
{"level":"info","message":"Running scheduled content publisher...","service":"headly-backend","timestamp":"2026-02-01 18:35:00"}
{"level":"info","message":"Found 0 content(s) to publish","service":"headly-backend","timestamp":"2026-02-01 18:35:00"}
{"level":"info","message":"Running scheduled content publisher...","service":"headly-backend","timestamp":"2026-02-01 18:40:00"}
{"level":"info","message":"Running webhook retry job...","service":"headly-backend","timestamp":"2026-02-01 18:40:00"}
{"level":"info","message":"Found 0 content(s) to publish","service":"headly-backend","timestamp":"2026-02-01 18:40:00"}
{"level":"info","message":"Found 0 webhook(s) to retry","service":"headly-backend","timestamp":"2026-02-01 18:40:00"}
{"level":"info","message":"Running scheduled content publisher...","service":"headly-backend","timestamp":"2026-02-01 18:45:00"}
{"level":"info","message":"Found 0 content(s) to publish","service":"headly-backend","timestamp":"2026-02-01 18:45:00"}
{"level":"info","message":"Running scheduled content publisher...","service":"headly-backend","timestamp":"2026-02-01 18:50:00"}
{"level":"info","message":"Running webhook retry job...","service":"headly-backend","timestamp":"2026-02-01 18:50:00"}
{"level":"info","message":"Found 0 content(s) to publish","service":"headly-backend","timestamp":"2026-02-01 18:50:00"}
{"level":"info","message":"Found 0 webhook(s) to retry","service":"headly-backend","timestamp":"2026-02-01 18:50:00"}
{"level":"info","message":"Running scheduled content publisher...","service":"headly-backend","timestamp":"2026-02-01 18:55:00"}
{"level":"info","message":"Found 0 content(s) to publish","service":"headly-backend","timestamp":"2026-02-01 18:55:00"}
{"level":"info","message":"Running scheduled content publisher...","service":"headly-backend","timestamp":"2026-02-01 19:00:00"}
{"level":"info","message":"Running webhook retry job...","service":"headly-backend","timestamp":"2026-02-01 19:00:00"}
{"level":"info","message":"Found 0 content(s) to publish","service":"headly-backend","timestamp":"2026-02-01 19:00:00"}
{"level":"info","message":"Found 0 webhook(s) to retry","service":"headly-backend","timestamp":"2026-02-01 19:00:00"}
{"level":"info","message":"Running scheduled content publisher...","service":"headly-backend","timestamp":"2026-02-01 19:05:00"}
{"level":"info","message":"Found 0 content(s) to publish","service":"headly-backend","timestamp":"2026-02-01 19:05:00"}
{"level":"info","message":"Running scheduled content publisher...","service":"headly-backend","timestamp":"2026-02-01 19:10:00"}
{"level":"info","message":"Running webhook retry job...","service":"headly-backend","timestamp":"2026-02-01 19:10:00"}
{"level":"info","message":"Found 0 content(s) to publish","service":"headly-backend","timestamp":"2026-02-01 19:10:01"}
{"level":"info","message":"Found 0 webhook(s) to retry","service":"headly-backend","timestamp":"2026-02-01 19:10:01"}
{"level":"info","message":"Running scheduled content publisher...","service":"headly-backend","timestamp":"2026-02-01 19:15:00"}
{"level":"info","message":"Found 0 content(s) to publish","service":"headly-backend","timestamp":"2026-02-01 19:15:00"}
{"level":"info","message":"Running scheduled content publisher...","service":"headly-backend","timestamp":"2026-02-01 19:20:00"}
{"level":"info","message":"Running webhook retry job...","service":"headly-backend","timestamp":"2026-02-01 19:20:00"}
{"level":"info","message":"Found 0 content(s) to publish","service":"headly-backend","timestamp":"2026-02-01 19:20:00"}
{"level":"info","message":"Found 0 webhook(s) to retry","service":"headly-backend","timestamp":"2026-02-01 19:20:00"}
{"level":"info","message":"✅ MongoDB Connected: ac-uagqk5i-shard-00-00.lgqm4tw.mongodb.net","service":"headly-backend","timestamp":"2026-02-01 19:21:39"}
{"level":"info","message":"🚀 Server running on port 4000 in production mode","service":"headly-backend","timestamp":"2026-02-01 19:21:39"}
{"level":"info","message":"📡 API URL: http://localhost:4000/api","service":"headly-backend","timestamp":"2026-02-01 19:21:39"}
{"level":"info","message":"Cron jobs scheduled","service":"headly-backend","timestamp":"2026-02-01 19:21:39"}
{"level":"info","message":"⏰ Background jobs started","service":"headly-backend","timestamp":"2026-02-01 19:21:39"}
{"level":"info","message":"✅ MongoDB Connected: ac-uagqk5i-shard-00-02.lgqm4tw.mongodb.net","service":"headly-backend","timestamp":"2026-02-01 19:26:47"}
{"level":"info","message":"🚀 Server running on port 4000","service":"headly-backend","timestamp":"2026-02-01 19:26:47"}
{"level":"info","message":"📡 API: http://localhost:4000/api","service":"headly-backend","timestamp":"2026-02-01 19:26:47"}
{"level":"info","message":"Cron jobs scheduled","service":"headly-backend","timestamp":"2026-02-01 19:26:47"}
{"level":"info","message":"⏰ Background jobs started","service":"headly-backend","timestamp":"2026-02-01 19:26:47"}
{"level":"info","message":"✅ MongoDB Connected: ac-uagqk5i-shard-00-00.lgqm4tw.mongodb.net","service":"headly-backend","timestamp":"2026-02-01 19:56:30"}
{"level":"info","message":"🚀 Server running on port 4000","service":"headly-backend","timestamp":"2026-02-01 19:56:30"}
{"level":"info","message":"📡 API: http://localhost:4000/api","service":"headly-backend","timestamp":"2026-02-01 19:56:30"}
{"level":"info","message":"Cron jobs scheduled","service":"headly-backend","timestamp":"2026-02-01 19:56:30"}
{"level":"info","message":"⏰ Background jobs started","service":"headly-backend","timestamp":"2026-02-01 19:56:30"}
